  Game.cpp
C:\Users\jawda\source\repos\COMG_SP2_2021\Application\Source\Scene.h(4,10): fatal error C1083: Cannot open include file: 'MatrixStack.h': No such file or directory
  CustomEntity.cpp
C:\Users\jawda\source\repos\COMG_SP2_2021\Application\Source\Vertex.h(3,10): fatal error C1083: Cannot open include file: 'Vector3.h': No such file or directory
  NPC.cpp
C:\Users\jawda\source\repos\COMG_SP2_2021\Application\Source\Vertex.h(3,10): fatal error C1083: Cannot open include file: 'Vector3.h': No such file or directory
  Scene.cpp
C:\Users\jawda\source\repos\COMG_SP2_2021\Application\Source\Scene.h(4,10): fatal error C1083: Cannot open include file: 'MatrixStack.h': No such file or directory
  MeshHandler.cpp
C:\Users\jawda\source\repos\COMG_SP2_2021\Application\Source\Vertex.h(3,10): fatal error C1083: Cannot open include file: 'Vector3.h': No such file or directory
  Entity.cpp
C:\Users\jawda\source\repos\COMG_SP2_2021\Application\Source\Vertex.h(3,10): fatal error C1083: Cannot open include file: 'Vector3.h': No such file or directory
  EntityManager.cpp
C:\Users\jawda\source\repos\COMG_SP2_2021\Application\Source\Vertex.h(3,10): fatal error C1083: Cannot open include file: 'Vector3.h': No such file or directory
  HitBox.cpp
C:\Users\jawda\source\repos\COMG_SP2_2021\Application\Source\HitBox.h(3,10): fatal error C1083: Cannot open include file: 'Mtx44.h': No such file or directory
  Position3D.cpp
C:\Users\jawda\source\repos\COMG_SP2_2021\Application\Source\Position3D.cpp(2,10): fatal error C1083: Cannot open include file: 'MyMath.h': No such file or directory
  FirstPersonCamera.cpp
C:\Users\jawda\source\repos\COMG_SP2_2021\Application\Source\Application.h(5,10): fatal error C1083: Cannot open include file: 'timer.h': No such file or directory
  LoadOBJ.cpp
C:\Users\jawda\source\repos\COMG_SP2_2021\Application\Source\Vertex.h(3,10): fatal error C1083: Cannot open include file: 'Vector3.h': No such file or directory
  LoadTGA.cpp
C:\Users\jawda\source\repos\COMG_SP2_2021\Application\Source\LoadTGA.cpp(4,10): fatal error C1083: Cannot open include file: 'GL\glew.h': No such file or directory
  Mesh.cpp
C:\Users\jawda\source\repos\COMG_SP2_2021\Application\Source\Vertex.h(3,10): fatal error C1083: Cannot open include file: 'Vector3.h': No such file or directory
  MeshBuilder.cpp
C:\Users\jawda\source\repos\COMG_SP2_2021\Application\Source\Vertex.h(3,10): fatal error C1083: Cannot open include file: 'Vector3.h': No such file or directory
  Application.cpp
C:\Users\jawda\source\repos\COMG_SP2_2021\Application\Source\Application.h(5,10): fatal error C1083: Cannot open include file: 'timer.h': No such file or directory
  main.cpp
C:\Users\jawda\source\repos\COMG_SP2_2021\Application\Source\Application.h(5,10): fatal error C1083: Cannot open include file: 'timer.h': No such file or directory
  shader.cpp
C:\Users\jawda\source\repos\COMG_SP2_2021\Application\Source\shader.cpp(12,10): fatal error C1083: Cannot open include file: 'GL/glew.h': No such file or directory
  Utility.cpp
C:\Users\jawda\source\repos\COMG_SP2_2021\Application\Source\Vertex.h(3,10): fatal error C1083: Cannot open include file: 'Vector3.h': No such file or directory
  WorldObject.cpp
C:\Users\jawda\source\repos\COMG_SP2_2021\Application\Source\Vertex.h(3,10): fatal error C1083: Cannot open include file: 'Vector3.h': No such file or directory
  SceneAssignment2.cpp
C:\Users\jawda\source\repos\COMG_SP2_2021\Application\Source\Scene.h(4,10): fatal error C1083: Cannot open include file: 'MatrixStack.h': No such file or directory
  Generating Code...
