c:\users\jawda\source\repos\comg_sp2_2021\application\debug\vc142.pdb
c:\users\jawda\source\repos\comg_sp2_2021\application\debug\vc142.idb
c:\users\jawda\source\repos\comg_sp2_2021\application\debug\meshbuilder.obj
c:\users\jawda\source\repos\comg_sp2_2021\application\debug\mesh.obj
c:\users\jawda\source\repos\comg_sp2_2021\application\debug\loadtga.obj
c:\users\jawda\source\repos\comg_sp2_2021\application\debug\loadobj.obj
c:\users\jawda\source\repos\comg_sp2_2021\application\debug\firstpersoncamera.obj
c:\users\jawda\source\repos\comg_sp2_2021\application\debug\position3d.obj
c:\users\jawda\source\repos\comg_sp2_2021\application\debug\hitbox.obj
c:\users\jawda\source\repos\comg_sp2_2021\application\debug\entitymanager.obj
c:\users\jawda\source\repos\comg_sp2_2021\application\debug\entity.obj
c:\users\jawda\source\repos\comg_sp2_2021\application\debug\meshhandler.obj
c:\users\jawda\source\repos\comg_sp2_2021\application\debug\scene.obj
c:\users\jawda\source\repos\comg_sp2_2021\application\debug\player.obj
c:\users\jawda\source\repos\comg_sp2_2021\application\debug\npc.obj
c:\users\jawda\source\repos\comg_sp2_2021\application\debug\iteminventory.obj
c:\users\jawda\source\repos\comg_sp2_2021\application\debug\item.obj
c:\users\jawda\source\repos\comg_sp2_2021\application\debug\inventory.obj
c:\users\jawda\source\repos\comg_sp2_2021\application\debug\interactionstack.obj
c:\users\jawda\source\repos\comg_sp2_2021\application\debug\garageinventory.obj
c:\users\jawda\source\repos\comg_sp2_2021\application\debug\customentity.obj
c:\users\jawda\source\repos\comg_sp2_2021\application\debug\car.obj
c:\users\jawda\source\repos\comg_sp2_2021\application\debug\game.obj
c:\users\jawda\source\repos\comg_sp2_2021\application\debug\sceneassignment2.obj
c:\users\jawda\source\repos\comg_sp2_2021\application\debug\worldobject.obj
c:\users\jawda\source\repos\comg_sp2_2021\application\debug\weaponinventory.obj
c:\users\jawda\source\repos\comg_sp2_2021\application\debug\weapon.obj
c:\users\jawda\source\repos\comg_sp2_2021\application\debug\utility.obj
c:\users\jawda\source\repos\comg_sp2_2021\application\debug\shader.obj
c:\users\jawda\source\repos\comg_sp2_2021\application\debug\main.obj
c:\users\jawda\source\repos\comg_sp2_2021\application\debug\application.obj
c:\users\jawda\source\repos\comg_sp2_2021\debug\application.exe
c:\users\jawda\source\repos\comg_sp2_2021\debug\application.ilk
c:\users\jawda\source\repos\comg_sp2_2021\debug\application.pdb
c:\users\jawda\source\repos\comg_sp2_2021\application\debug\application.tlog\cl.command.1.tlog
c:\users\jawda\source\repos\comg_sp2_2021\application\debug\application.tlog\cl.read.1.tlog
c:\users\jawda\source\repos\comg_sp2_2021\application\debug\application.tlog\cl.write.1.tlog
c:\users\jawda\source\repos\comg_sp2_2021\application\debug\application.tlog\link.command.1.tlog
c:\users\jawda\source\repos\comg_sp2_2021\application\debug\application.tlog\link.read.1.tlog
c:\users\jawda\source\repos\comg_sp2_2021\application\debug\application.tlog\link.write.1.tlog
