  AudioHandler.cpp
  Inventory.cpp
C:\Users\jawda\source\repos\COMG_SP2_2021\Application\Source\Inventory.cpp(39,20): warning C4018: '<': signed/unsigned mismatch
C:\Users\jawda\source\repos\COMG_SP2_2021\Application\Source\Inventory.cpp(77,20): warning C4018: '<': signed/unsigned mismatch
  Camera.cpp
C:\Users\jawda\source\repos\COMG_SP2_2021\Application\Source\Game.h(32,32): warning C4042: 'unnamed-parameter': has bad storage class
  WorldObject.cpp
  Text.cpp
C:\Users\jawda\source\repos\COMG_SP2_2021\Application\Source\Text.cpp(131,50): warning C4244: '=': conversion from 'double' to 'int', possible loss of data
C:\Users\jawda\source\repos\COMG_SP2_2021\Application\Source\Text.cpp(132,50): warning C4244: '=': conversion from 'double' to 'int', possible loss of data
C:\Users\jawda\source\repos\COMG_SP2_2021\Application\Source\Text.cpp(137,110): warning C4244: 'argument': conversion from 'int' to 'float', possible loss of data
  Generating Code...
C:\Users\jawda\source\repos\COMG_SP2_2021\Application\Source\Inventory.cpp(134): warning C4715: 'Inventory::getCurrentItemAmt': not all control paths return a value
C:\Users\jawda\source\repos\COMG_SP2_2021\Application\Source\Inventory.cpp(128): warning C4715: 'Inventory::getCurrentItemType': not all control paths return a value
C:\Users\jawda\source\repos\COMG_SP2_2021\Application\Source\Inventory.cpp(148): warning C4715: 'Inventory::getCurrentWeaponType': not all control paths return a value
LINK : warning LNK4098: defaultlib 'MSVCRT' conflicts with use of other libs; use /NODEFAULTLIB:library
InteractionManager.obj : error LNK2019: unresolved external symbol "public: __thiscall InteractionQueue::InteractionQueue(void)" (??0InteractionQueue@@QAE@XZ) referenced in function "public: __thiscall InteractionManager::InteractionManager(void)" (??0InteractionManager@@QAE@XZ)
InteractionManager.obj : error LNK2019: unresolved external symbol "public: __thiscall InteractionQueue::~InteractionQueue(void)" (??1InteractionQueue@@QAE@XZ) referenced in function "public: __thiscall InteractionManager::~InteractionManager(void)" (??1InteractionManager@@QAE@XZ)
InteractionManager.obj : error LNK2019: unresolved external symbol "public: class std::vector<struct Interaction *,class std::allocator<struct Interaction *> > & __thiscall InteractionQueue::getQueue(void)" (?getQueue@InteractionQueue@@QAEAAV?$vector@PAUInteraction@@V?$allocator@PAUInteraction@@@std@@@std@@XZ) referenced in function "public: bool __thiscall InteractionManager::loadCommands(class std::basic_string<char,struct std::char_traits<char>,class std::allocator<char> >)" (?loadCommands@InteractionManager@@QAE_NV?$basic_string@DU?$char_traits@D@std@@V?$allocator@D@2@@std@@@Z)
InteractionManager.obj : error LNK2019: unresolved external symbol "public: void __thiscall InteractionQueue::pushInteraction(struct Interaction *)" (?pushInteraction@InteractionQueue@@QAEXPAUInteraction@@@Z) referenced in function "public: bool __thiscall InteractionManager::loadMessages(class std::basic_string<char,struct std::char_traits<char>,class std::allocator<char> >)" (?loadMessages@InteractionManager@@QAE_NV?$basic_string@DU?$char_traits@D@std@@V?$allocator@D@2@@std@@@Z)
C:\Users\jawda\Source\Repos\COMG_SP2_2021\Debug\Application.exe : fatal error LNK1120: 4 unresolved externals
